<?xml version="1.0" encoding="UTF-8"?>
<!-- Generated by org.testng.reporters.JUnitXMLReporter -->
<testsuite ignored="0" hostname="Computer-324" failures="0" tests="3" name="Default test" time="24.334" errors="0" timestamp="2026-03-06T11:12:59 IST">
  <testcase classname="com.register.TC_RF_027" name="verifyRegisterAccountInAllEnvironments" time="7.322"/>
  <testcase classname="com.register.TC_RF_027" name="verifyRegisterAccountInAllEnvironments" time="10.655"/>
  <testcase classname="com.register.TC_RF_027" name="verifyRegisterAccountInAllEnvironments" time="6.293"/>
</testsuite> <!-- Default test -->
