<?xml version="1.0" encoding="UTF-8"?>
<testng-results ignored="0" total="3" passed="3" failed="0" skipped="0">
  <reporter-output>
  </reporter-output>
  <suite started-at="2026-03-06T11:12:35 IST" name="Default suite" finished-at="2026-03-06T11:12:59 IST" duration-ms="24334">
    <groups>
    </groups>
    <test started-at="2026-03-06T11:12:35 IST" name="Default test" finished-at="2026-03-06T11:12:59 IST" duration-ms="24334">
      <class name="com.register.TC_RF_027">
        <test-method signature="verifyRegisterAccountInAllEnvironments(java.lang.String)[pri:0, instance:com.register.TC_RF_027@59474f18]" started-at="2026-03-06T11:12:35 IST" name="verifyRegisterAccountInAllEnvironments" data-provider="supplyTestEnvironments" finished-at="2026-03-06T11:12:42 IST" duration-ms="7322" status="PASS">
          <params>
            <param index="0">
              <value>
                <![CDATA[chrome]]>
              </value>
            </param>
          </params>
          <reporter-output>
          </reporter-output>
        </test-method> <!-- verifyRegisterAccountInAllEnvironments -->
        <test-method signature="verifyRegisterAccountInAllEnvironments(java.lang.String)[pri:0, instance:com.register.TC_RF_027@59474f18]" started-at="2026-03-06T11:12:42 IST" name="verifyRegisterAccountInAllEnvironments" data-provider="supplyTestEnvironments" finished-at="2026-03-06T11:12:53 IST" duration-ms="10655" status="PASS">
          <params>
            <param index="0">
              <value>
                <![CDATA[firefox]]>
              </value>
            </param>
          </params>
          <reporter-output>
          </reporter-output>
        </test-method> <!-- verifyRegisterAccountInAllEnvironments -->
        <test-method signature="verifyRegisterAccountInAllEnvironments(java.lang.String)[pri:0, instance:com.register.TC_RF_027@59474f18]" started-at="2026-03-06T11:12:53 IST" name="verifyRegisterAccountInAllEnvironments" data-provider="supplyTestEnvironments" finished-at="2026-03-06T11:12:59 IST" duration-ms="6293" status="PASS">
          <params>
            <param index="0">
              <value>
                <![CDATA[edge]]>
              </value>
            </param>
          </params>
          <reporter-output>
          </reporter-output>
        </test-method> <!-- verifyRegisterAccountInAllEnvironments -->
      </class> <!-- com.register.TC_RF_027 -->
    </test> <!-- Default test -->
  </suite> <!-- Default suite -->
</testng-results>
