<?xml version="1.0" encoding="UTF-8"?>
<testng-results ignored="0" total="1" passed="1" failed="0" skipped="0">
  <reporter-output>
  </reporter-output>
  <suite started-at="2026-03-05T12:31:29 IST" name="Default suite" finished-at="2026-03-05T12:31:34 IST" duration-ms="5193">
    <groups>
    </groups>
    <test started-at="2026-03-05T12:31:29 IST" name="Default test" finished-at="2026-03-05T12:31:34 IST" duration-ms="5193">
      <class name="com.register.TC_RF_024">
        <test-method signature="verifyRegisteringAccountWithoutEnteringConfirmationPassword()[pri:0, instance:com.register.TC_RF_024@5c6648b0]" started-at="2026-03-05T12:31:29 IST" name="verifyRegisteringAccountWithoutEnteringConfirmationPassword" finished-at="2026-03-05T12:31:34 IST" duration-ms="5154" status="PASS">
          <reporter-output>
          </reporter-output>
        </test-method> <!-- verifyRegisteringAccountWithoutEnteringConfirmationPassword -->
      </class> <!-- com.register.TC_RF_024 -->
    </test> <!-- Default test -->
  </suite> <!-- Default suite -->
</testng-results>
