<?xml version="1.0" encoding="UTF-8"?>
<!-- Generated by org.testng.reporters.JUnitReportReporter -->
<testsuite hostname="Computer-324" failures="0" tests="3" name="com.register.TC_RF_027" time="24.270" errors="0" timestamp="2026-03-06T11:12:59 IST" skipped="0">
  <testcase classname="com.register.TC_RF_027" name="verifyRegisterAccountInAllEnvironments" time="10.655"/>
  <testcase classname="com.register.TC_RF_027" name="verifyRegisterAccountInAllEnvironments" time="6.293"/>
  <testcase classname="com.register.TC_RF_027" name="verifyRegisterAccountInAllEnvironments" time="7.322"/>
</testsuite> <!-- com.register.TC_RF_027 -->
