<?xml version="1.0" encoding="UTF-8"?>
<!-- Generated by org.testng.reporters.JUnitReportReporter -->
<testsuite hostname="Computer-324" failures="0" tests="5" name="com.register.bmycontact" time="24.412" errors="0" timestamp="2026-02-26T15:07:31 IST" skipped="0">
  <testcase classname="com.register.bmycontact" name="contactfor" time="4.122"/>
  <testcase classname="com.register.bmycontact" name="contactfor" time="4.623"/>
  <testcase classname="com.register.bmycontact" name="contactfor" time="4.248"/>
  <testcase classname="com.register.bmycontact" name="contactfor" time="6.984"/>
  <testcase classname="com.register.bmycontact" name="contactfor" time="4.435"/>
</testsuite> <!-- com.register.bmycontact -->
